[2020-10-26 11:14:26:817][main] INFO  - Starting DemoApplication on luxurysooNB with PID 35004 (C:\git\DSAT_USERSYNC\bin\main started by luxurysoo in C:\git\DSAT_USERSYNC)
[2020-10-26 11:14:26:829][main] INFO  - No active profile set, falling back to default profiles: default
[2020-10-26 11:14:27:2277][main] INFO  - Started DemoApplication in 1.844 seconds (JVM running for 6.725)
[2020-10-26 11:14:27:2279][main] INFO  - sync 시작 
[2020-10-26 11:14:28:2488][main] INFO  - tmp_daishin 테이블 삭제 
[2020-10-26 11:14:29:3756][main] INFO  - tmp_daishin의 데이터로 그룹정보 조회 (view table)
[2020-10-26 11:14:29:3773][main] INFO  - ir_user_group 삭제 
[2020-10-26 11:14:29:3808][main] INFO  - ir_user_group 입력  
[2020-10-26 11:14:29:3827][main] INFO  - ir_user 정보 입력 
[2020-10-26 11:14:29:3827][main] INFO  - user 정보 입력  
[2020-10-26 11:14:29:3828][main] INFO  - 폰정보 업데이트  
[2020-10-26 11:14:29:3828][main] INFO  - sync 종료 
[2020-10-26 11:16:36:644][main] INFO  - Starting DemoApplication on luxurysooNB with PID 43808 (C:\git\DSAT_USERSYNC\bin\main started by luxurysoo in C:\git\DSAT_USERSYNC)
[2020-10-26 11:16:36:648][main] INFO  - No active profile set, falling back to default profiles: default
[2020-10-26 11:16:37:1786][main] INFO  - Started DemoApplication in 1.482 seconds (JVM running for 5.991)
[2020-10-26 11:16:37:1788][main] INFO  - sync 시작 
[2020-10-26 11:16:37:1934][main] INFO  - tmp_daishin 테이블 삭제 
[2020-10-26 11:16:39:3102][main] INFO  - tmp_daishin의 데이터로 그룹정보 조회 (view table)
[2020-10-26 11:16:39:3109][main] INFO  - ir_user_group 삭제 
[2020-10-26 11:16:39:3118][main] INFO  - ir_user_group 입력  
[2020-10-26 11:16:39:3124][main] INFO  - ir_user 정보 입력 
[2020-10-26 11:16:39:3124][main] INFO  - user 정보 입력  
[2020-10-26 11:16:39:3125][main] INFO  - 폰정보 업데이트  
[2020-10-26 11:16:39:3125][main] INFO  - sync 종료 
[2020-10-26 11:17:53:644][main] INFO  - Starting DemoApplication on luxurysooNB with PID 4268 (C:\git\DSAT_USERSYNC\bin\main started by luxurysoo in C:\git\DSAT_USERSYNC)
[2020-10-26 11:17:53:648][main] INFO  - No active profile set, falling back to default profiles: default
[2020-10-26 11:17:54:1767][main] INFO  - Started DemoApplication in 1.467 seconds (JVM running for 5.722)
[2020-10-26 11:17:54:1768][main] INFO  - sync 시작 
[2020-10-26 11:17:55:1915][main] INFO  - tmp_daishin 테이블 삭제 
[2020-10-26 11:17:56:3081][main] INFO  - tmp_daishin의 데이터로 그룹정보 조회 (view table)
[2020-10-26 11:17:56:3087][main] INFO  - ir_user_group 삭제 
[2020-10-26 11:17:56:3095][main] INFO  - ir_user_group 입력  
[2020-10-26 11:17:56:3099][main] INFO  - ir_user 정보 입력 
[2020-10-26 11:17:56:3099][main] INFO  - user 정보 입력  
[2020-10-26 11:17:56:3100][main] INFO  - 폰정보 업데이트  
[2020-10-26 11:17:56:3100][main] INFO  - sync 종료 
[2020-10-26 11:20:32:636][main] INFO  - Starting DemoApplication on luxurysooNB with PID 31312 (C:\git\DSAT_USERSYNC\bin\main started by luxurysoo in C:\git\DSAT_USERSYNC)
[2020-10-26 11:20:32:639][main] INFO  - No active profile set, falling back to default profiles: default
[2020-10-26 11:20:33:1889][main] INFO  - Started DemoApplication in 1.582 seconds (JVM running for 5.739)
[2020-10-26 11:20:33:1890][main] INFO  - sync 시작 
[2020-10-26 11:20:34:2044][main] INFO  - tmp_daishin 테이블 삭제 
[2020-10-26 11:20:34:2309][main] INFO  - oracle 에서 정보 가져오기 
[2020-10-26 11:20:34:2377][main] INFO  - tmp_daishin 테이블에 데이터 입력 (postgres) 
[2020-10-26 11:20:34:2392][main] INFO  - tmp_daishin의 데이터로 그룹정보 조회 (view table)
[2020-10-26 11:20:34:2402][main] INFO  - ir_user_group 삭제 
[2020-10-26 11:20:34:2567][main] INFO  - ir_user_group 입력  
[2020-10-26 11:20:34:2576][main] INFO  - ir_user 정보 입력 
[2020-10-26 11:20:34:2576][main] INFO  - user 정보 입력  
[2020-10-26 11:20:34:2955][main] INFO  - 폰정보 업데이트  
[2020-10-26 11:20:34:2955][main] INFO  - sync 종료 
[2020-10-26 11:25:38:912][main] INFO  - Starting DemoApplication on luxurysooNB with PID 46472 (C:\git\DSAT_USERSYNC\bin\main started by luxurysoo in C:\git\DSAT_USERSYNC)
[2020-10-26 11:25:38:916][main] INFO  - No active profile set, falling back to default profiles: default
[2020-10-26 11:25:39:2640][main] INFO  - Started DemoApplication in 2.243 seconds (JVM running for 7.733)
[2020-10-26 11:25:39:2642][main] INFO  - sync 시작 
[2020-10-26 11:25:40:2895][main] INFO  - tmp_daishin 테이블 삭제 
[2020-10-26 11:25:40:3206][main] INFO  - oracle 에서 정보 가져오기 
[2020-10-26 11:25:40:3269][main] INFO  - tmp_daishin 테이블에 데이터 입력 (postgres) 
[2020-10-26 11:25:40:3284][main] INFO  - tmp_daishin의 데이터로 그룹정보 조회 (view table)
[2020-10-26 11:25:40:3292][main] INFO  - ir_user_group 삭제 
[2020-10-26 11:25:40:3470][main] INFO  - ir_user_group 입력  
[2020-10-26 11:25:40:3486][main] INFO  - ir_user 정보 입력 
[2020-10-26 11:25:40:3486][main] INFO  - user 정보 입력  
[2020-10-26 11:25:41:3858][main] INFO  - 폰정보 업데이트  
[2020-10-26 11:25:41:3858][main] INFO  - sync 종료 
[2020-10-26 11:27:15:689][main] INFO  - Starting DemoApplication on luxurysooNB with PID 1868 (C:\git\DSAT_USERSYNC\bin\main started by luxurysoo in C:\git\DSAT_USERSYNC)
[2020-10-26 11:27:15:692][main] INFO  - No active profile set, falling back to default profiles: default
[2020-10-26 11:27:16:2076][main] INFO  - Started DemoApplication in 1.729 seconds (JVM running for 7.387)
[2020-10-26 11:27:16:2078][main] INFO  - sync 시작 
[2020-10-26 11:27:17:2266][main] INFO  - tmp_daishin 테이블 삭제 
[2020-10-26 11:27:17:2543][main] INFO  - oracle 에서 정보 가져오기 
[2020-10-26 11:27:17:2597][main] INFO  - tmp_daishin 테이블에 데이터 입력 (postgres) 
[2020-10-26 11:27:17:2612][main] INFO  - tmp_daishin의 데이터로 그룹정보 조회 (view table)
[2020-10-26 11:27:17:2620][main] INFO  - ir_user_group 삭제 
[2020-10-26 11:27:17:2785][main] INFO  - ir_user_group 입력  
[2020-10-26 11:27:17:2801][main] INFO  - ir_user 정보 입력 
[2020-10-26 11:27:17:2801][main] INFO  - user 정보 입력  
[2020-10-26 11:27:18:3168][main] INFO  - 폰정보 업데이트  
[2020-10-26 11:27:18:3168][main] INFO  - sync 종료 
[2020-10-26 11:28:29:916][main] INFO  - Starting DemoApplication on luxurysooNB with PID 45920 (C:\git\DSAT_USERSYNC\bin\main started by luxurysoo in C:\git\DSAT_USERSYNC)
[2020-10-26 11:28:29:920][main] INFO  - No active profile set, falling back to default profiles: default
[2020-10-26 11:28:31:2528][main] INFO  - Started DemoApplication in 2.053 seconds (JVM running for 7.295)
[2020-10-26 11:28:31:2529][main] INFO  - sync 시작 
[2020-10-26 11:28:31:2722][main] INFO  - tmp_daishin 테이블 삭제 
[2020-10-26 11:28:31:3041][main] INFO  - oracle 에서 정보 가져오기 
[2020-10-26 11:28:31:3089][main] INFO  - tmp_daishin 테이블에 데이터 입력 (postgres) 
[2020-10-26 11:28:31:3111][main] INFO  - tmp_daishin의 데이터로 그룹정보 조회 (view table)
[2020-10-26 11:28:31:3122][main] INFO  - ir_user_group 삭제 
[2020-10-26 11:28:31:3333][main] INFO  - ir_user_group 입력  
[2020-10-26 11:28:31:3344][main] INFO  - ir_user 정보 입력 
[2020-10-26 11:28:31:3344][main] INFO  - user 정보 입력  
[2020-10-26 11:28:32:3760][main] INFO  - 폰정보 업데이트  
[2020-10-26 11:28:32:3761][main] INFO  - sync 종료 
[2020-10-26 13:19:19:632][main] INFO  - Starting DemoApplication on luxurysooNB with PID 31116 (C:\git\DSAT_USERSYNC\bin\main started by luxurysoo in C:\git\DSAT_USERSYNC)
[2020-10-26 13:19:19:635][main] INFO  - No active profile set, falling back to default profiles: default
[2020-10-26 13:19:20:1754][main] INFO  - Started DemoApplication in 1.426 seconds (JVM running for 5.513)
[2020-10-26 13:19:20:1755][main] INFO  - sync 시작 
[2020-10-26 13:19:20:1897][main] INFO  - tmp_daishin 테이블 삭제 
[2020-10-26 13:19:20:2109][main] INFO  - oracle 에서 정보 가져오기 
[2020-10-26 13:19:20:2155][main] INFO  - tmp_daishin 테이블에 데이터 입력 (postgres) 
[2020-10-26 13:19:20:2168][main] INFO  - tmp_daishin의 데이터로 그룹정보 조회 (view table)
[2020-10-26 13:19:20:2176][main] INFO  - ir_user_group 삭제 
[2020-10-26 13:19:20:2322][main] INFO  - ir_user_group 입력  
[2020-10-26 13:19:20:2331][main] INFO  - ir_user 정보 입력 
[2020-10-26 13:19:20:2331][main] INFO  - user 정보 입력  
[2020-10-26 13:19:21:2613][main] INFO  - 폰정보 업데이트  
[2020-10-26 13:19:21:2613][main] INFO  - sync 종료 
[2020-10-26 13:22:10:713][main] INFO  - Starting DemoApplication on luxurysooNB with PID 46840 (C:\git\DSAT_USERSYNC\bin\main started by luxurysoo in C:\git\DSAT_USERSYNC)
[2020-10-26 13:22:10:717][main] INFO  - No active profile set, falling back to default profiles: default
[2020-10-26 13:22:11:1886][main] INFO  - Started DemoApplication in 1.535 seconds (JVM running for 5.747)
[2020-10-26 13:22:11:1887][main] INFO  - sync 시작 
[2020-10-26 13:22:11:2030][main] INFO  - tmp_daishin 테이블 삭제 
[2020-10-26 13:22:12:2244][main] INFO  - oracle 에서 정보 가져오기 
[2020-10-26 13:22:12:2286][main] INFO  - tmp_daishin 테이블에 데이터 입력 (postgres) 
[2020-10-26 13:22:12:2298][main] INFO  - tmp_daishin의 데이터로 그룹정보 조회 (view table)
[2020-10-26 13:22:12:2307][main] INFO  - ir_user_group 삭제 
[2020-10-26 13:22:12:2468][main] INFO  - ir_user_group 입력  
[2020-10-26 13:22:12:2476][main] INFO  - ir_user 정보 입력 
[2020-10-26 13:22:12:2476][main] INFO  - user 정보 입력  
[2020-10-26 13:22:12:2806][main] INFO  - 폰정보 업데이트  
[2020-10-26 13:22:12:2806][main] INFO  - sync 종료 
[2020-10-26 13:22:56:647][main] INFO  - Starting DemoApplication on luxurysooNB with PID 20528 (C:\git\DSAT_USERSYNC\bin\main started by luxurysoo in C:\git\DSAT_USERSYNC)
[2020-10-26 13:22:56:651][main] INFO  - No active profile set, falling back to default profiles: default
[2020-10-26 13:22:57:1904][main] INFO  - Started DemoApplication in 1.585 seconds (JVM running for 6.011)
[2020-10-26 13:22:57:1905][main] INFO  - sync 시작 
[2020-10-26 13:22:57:2047][main] INFO  - tmp_daishin 테이블 삭제 
[2020-10-26 13:22:57:2262][main] INFO  - oracle 에서 정보 가져오기 
[2020-10-26 13:22:57:2301][main] INFO  - tmp_daishin 테이블에 데이터 입력 (postgres) 
[2020-10-26 13:22:57:2315][main] INFO  - tmp_daishin의 데이터로 그룹정보 조회 (view table)
[2020-10-26 13:22:57:2325][main] INFO  - ir_user_group 삭제 
[2020-10-26 13:22:57:2476][main] INFO  - ir_user_group 입력  
[2020-10-26 13:22:57:2483][main] INFO  - ir_user 정보 입력 
[2020-10-26 13:22:57:2484][main] INFO  - user 정보 입력  
[2020-10-26 13:22:58:2815][main] INFO  - 폰정보 업데이트  
[2020-10-26 13:22:58:2815][main] INFO  - sync 종료 
[2020-10-26 15:05:50:688][main] INFO  - Starting DemoApplication on luxurysooNB with PID 44332 (C:\git\DSAT_USERSYNC\bin\main started by luxurysoo in C:\git\DSAT_USERSYNC)
[2020-10-26 15:05:50:692][main] INFO  - No active profile set, falling back to default profiles: default
[2020-10-26 15:05:51:1950][main] INFO  - Started DemoApplication in 1.603 seconds (JVM running for 5.762)
[2020-10-26 15:05:51:1951][main] INFO  - sync 시작 
[2020-10-26 15:05:51:2121][main] INFO  - tmp_daishin 테이블 삭제 
[2020-10-26 15:05:52:2373][main] INFO  - oracle 에서 정보 가져오기 
[2020-10-26 15:05:52:2415][main] INFO  - tmp_daishin 테이블에 데이터 입력 (postgres) 
[2020-10-26 15:05:52:2428][main] INFO  - tmp_daishin의 데이터로 그룹정보 조회 (view table)
[2020-10-26 15:05:52:2436][main] INFO  - ir_user_group 삭제 
[2020-10-26 15:05:52:2570][main] INFO  - ir_user_group 입력  
[2020-10-26 15:05:52:2578][main] INFO  - ir_user 정보 입력 
[2020-10-26 15:05:52:2578][main] INFO  - user 정보 입력  
[2020-10-26 15:05:52:2579][main] INFO  - last name : 퇴
[2020-10-26 15:05:52:2579][main] INFO  - first name : 자
[2020-10-26 15:06:16:666][main] INFO  - Starting DemoApplication on luxurysooNB with PID 49316 (C:\git\DSAT_USERSYNC\bin\main started by luxurysoo in C:\git\DSAT_USERSYNC)
[2020-10-26 15:06:16:669][main] INFO  - No active profile set, falling back to default profiles: default
[2020-10-26 15:06:17:1947][main] INFO  - Started DemoApplication in 1.629 seconds (JVM running for 5.987)
[2020-10-26 15:06:17:1949][main] INFO  - sync 시작 
[2020-10-26 15:06:17:2095][main] INFO  - tmp_daishin 테이블 삭제 
[2020-10-26 15:06:18:2338][main] INFO  - oracle 에서 정보 가져오기 
[2020-10-26 15:06:18:2387][main] INFO  - tmp_daishin 테이블에 데이터 입력 (postgres) 
[2020-10-26 15:06:18:2400][main] INFO  - tmp_daishin의 데이터로 그룹정보 조회 (view table)
[2020-10-26 15:06:18:2409][main] INFO  - ir_user_group 삭제 
[2020-10-26 15:06:18:2547][main] INFO  - ir_user_group 입력  
[2020-10-26 15:06:18:2555][main] INFO  - ir_user 정보 입력 
[2020-10-26 15:06:18:2555][main] INFO  - user 정보 입력  
[2020-10-26 15:06:18:2556][main] INFO  - last name : 퇴
[2020-10-26 15:06:18:2556][main] INFO  - first name : 직
[2020-10-26 15:06:46:600][main] INFO  - Starting DemoApplication on luxurysooNB with PID 1364 (C:\git\DSAT_USERSYNC\bin\main started by luxurysoo in C:\git\DSAT_USERSYNC)
[2020-10-26 15:06:46:604][main] INFO  - No active profile set, falling back to default profiles: default
[2020-10-26 15:06:47:1718][main] INFO  - Started DemoApplication in 1.422 seconds (JVM running for 5.475)
[2020-10-26 15:06:47:1719][main] INFO  - sync 시작 
[2020-10-26 15:06:47:1860][main] INFO  - tmp_daishin 테이블 삭제 
[2020-10-26 15:06:47:2068][main] INFO  - oracle 에서 정보 가져오기 
[2020-10-26 15:06:48:2113][main] INFO  - tmp_daishin 테이블에 데이터 입력 (postgres) 
[2020-10-26 15:06:48:2127][main] INFO  - tmp_daishin의 데이터로 그룹정보 조회 (view table)
[2020-10-26 15:06:48:2136][main] INFO  - ir_user_group 삭제 
[2020-10-26 15:06:48:2302][main] INFO  - ir_user_group 입력  
[2020-10-26 15:06:48:2313][main] INFO  - ir_user 정보 입력 
[2020-10-26 15:06:48:2313][main] INFO  - user 정보 입력  
[2020-10-26 15:06:48:2313][main] INFO  - last name : 퇴
[2020-10-26 15:06:48:2313][main] INFO  - first name : 직자
[2020-10-26 15:22:34:771][main] INFO  - Starting DemoApplication on luxurysooNB with PID 30624 (C:\git\DSAT_USERSYNC\bin\main started by luxurysoo in C:\git\DSAT_USERSYNC)
[2020-10-26 15:22:34:776][main] INFO  - No active profile set, falling back to default profiles: default
[2020-10-26 15:22:35:2112][main] INFO  - Started DemoApplication in 1.726 seconds (JVM running for 6.238)
[2020-10-26 15:22:35:2113][main] INFO  - sync 시작 
[2020-10-26 15:22:35:2288][main] INFO  - tmp_daishin 테이블 삭제 
[2020-10-26 15:22:35:2523][main] INFO  - oracle 에서 정보 가져오기 
[2020-10-26 15:22:35:2566][main] INFO  - tmp_daishin 테이블에 데이터 입력 (postgres) 
[2020-10-26 15:22:35:2581][main] INFO  - tmp_daishin의 데이터로 그룹정보 조회 (view table)
[2020-10-26 15:22:35:2587][main] INFO  - ir_user_group 삭제 
[2020-10-26 15:22:36:2736][main] INFO  - ir_user_group 입력  
[2020-10-26 15:22:36:2746][main] INFO  - ir_user 정보 입력 
[2020-10-26 15:22:36:2746][main] INFO  - user 정보 입력  
[2020-10-26 15:22:36:2746][main] INFO  - last name : 퇴
[2020-10-26 15:22:36:2746][main] INFO  - first name : 직자
[2020-10-26 15:22:36:3037][main] INFO  - 폰정보 업데이트  
[2020-10-26 15:22:36:3037][main] INFO  - sync 종료 
[2020-10-26 15:29:02:627][main] INFO  - Starting DemoApplication on luxurysooNB with PID 38152 (C:\git\DSAT_USERSYNC\bin\main started by luxurysoo in C:\git\DSAT_USERSYNC)
[2020-10-26 15:29:02:632][main] INFO  - No active profile set, falling back to default profiles: default
[2020-10-26 15:29:03:1755][main] INFO  - Started DemoApplication in 1.46 seconds (JVM running for 5.885)
[2020-10-26 15:29:03:1757][main] INFO  - sync 시작 
[2020-10-26 15:29:03:1924][main] INFO  - tmp_daishin 테이블 삭제 
[2020-10-26 15:29:04:2193][main] INFO  - oracle 에서 정보 가져오기 
[2020-10-26 15:29:04:2233][main] INFO  - tmp_daishin 테이블에 데이터 입력 (postgres) 
[2020-10-26 15:29:04:2248][main] INFO  - tmp_daishin의 데이터로 그룹정보 조회 (view table)
[2020-10-26 15:29:04:2256][main] INFO  - ir_user_group 삭제 
[2020-10-26 15:29:04:2431][main] INFO  - ir_user_group 입력  
[2020-10-26 15:29:04:2444][main] INFO  - ir_user 정보 입력 
[2020-10-26 15:29:04:2444][main] INFO  - user 정보 입력  
[2020-10-26 15:29:04:2445][main] INFO  - last name : 퇴
[2020-10-26 15:29:04:2445][main] INFO  - first name : 직자
[2020-10-26 15:29:04:2728][main] INFO  - 폰정보 업데이트  
[2020-10-26 15:29:04:2728][main] INFO  - sync 종료 
[2020-10-26 15:29:49:621][main] INFO  - Starting DemoApplication on luxurysooNB with PID 4824 (C:\git\DSAT_USERSYNC\bin\main started by luxurysoo in C:\git\DSAT_USERSYNC)
[2020-10-26 15:29:49:624][main] INFO  - No active profile set, falling back to default profiles: default
[2020-10-26 15:29:50:1885][main] INFO  - Started DemoApplication in 1.593 seconds (JVM running for 5.883)
[2020-10-26 15:29:50:1886][main] INFO  - sync 시작 
[2020-10-26 15:29:50:2040][main] INFO  - tmp_daishin 테이블 삭제 
[2020-10-26 15:29:51:2272][main] INFO  - oracle 에서 정보 가져오기 
[2020-10-26 15:29:51:2318][main] INFO  - tmp_daishin 테이블에 데이터 입력 (postgres) 
[2020-10-26 15:29:51:2331][main] INFO  - tmp_daishin의 데이터로 그룹정보 조회 (view table)
[2020-10-26 15:29:51:2339][main] INFO  - ir_user_group 삭제 
[2020-10-26 15:29:51:2517][main] INFO  - ir_user_group 입력  
[2020-10-26 15:29:51:2525][main] INFO  - ir_user 정보 입력 
[2020-10-26 15:29:51:2526][main] INFO  - user 정보 입력  
[2020-10-26 15:29:51:2526][main] INFO  - last name : 퇴
[2020-10-26 15:29:51:2526][main] INFO  - first name : 직자
[2020-10-26 15:29:51:2548][main] INFO  - last name : 홍
[2020-10-26 15:29:51:2548][main] INFO  - first name : 길동
[2020-10-26 15:29:51:2562][main] INFO  - last name : 이
[2020-10-26 15:29:51:2562][main] INFO  - first name : 창현
[2020-10-26 15:29:51:2571][main] INFO  - last name : 김
[2020-10-26 15:29:51:2571][main] INFO  - first name : 기동
[2020-10-26 15:29:51:2581][main] INFO  - last name : 최
[2020-10-26 15:29:51:2582][main] INFO  - first name : 민수
[2020-10-26 15:29:51:2594][main] INFO  - last name : 하
[2020-10-26 15:29:51:2594][main] INFO  - first name : 재투
[2020-10-26 15:29:51:2604][main] INFO  - last name : 최
[2020-10-26 15:29:51:2604][main] INFO  - first name : 병운
[2020-10-26 15:29:51:2613][main] INFO  - last name : 김
[2020-10-26 15:29:51:2613][main] INFO  - first name : 수희
[2020-10-26 15:29:51:2622][main] INFO  - last name : 김
[2020-10-26 15:29:51:2622][main] INFO  - first name : 민왕
[2020-10-26 15:29:51:2632][main] INFO  - last name : 최
[2020-10-26 15:29:51:2632][main] INFO  - first name : 철이
[2020-10-26 15:29:51:2642][main] INFO  - last name : 조
[2020-10-26 15:29:51:2643][main] INFO  - first name : 원수
[2020-10-26 15:29:51:2651][main] INFO  - last name : 기
[2020-10-26 15:29:51:2651][main] INFO  - first name : 원수
[2020-10-26 15:29:51:2662][main] INFO  - last name : 김
[2020-10-26 15:29:51:2662][main] INFO  - first name : 정일
[2020-10-26 15:29:51:2668][main] INFO  - last name : 김
[2020-10-26 15:29:51:2668][main] INFO  - first name : 갑주
[2020-10-26 15:29:51:2677][main] INFO  - last name : 김
[2020-10-26 15:29:51:2677][main] INFO  - first name : 관주
[2020-10-26 15:29:51:2686][main] INFO  - last name : 김
[2020-10-26 15:29:51:2686][main] INFO  - first name : 기보
[2020-10-26 15:29:51:2697][main] INFO  - last name : 권
[2020-10-26 15:29:51:2697][main] INFO  - first name : 혁차
[2020-10-26 15:29:51:2724][main] INFO  - last name : 김
[2020-10-26 15:29:51:2724][main] INFO  - first name : 세로
[2020-10-26 15:29:51:2776][main] INFO  - last name : 가
[2020-10-26 15:29:51:2777][main] INFO  - first name : 나다
[2020-10-26 15:29:51:2783][main] INFO  - last name : 김
[2020-10-26 15:29:51:2783][main] INFO  - first name : 관주
[2020-10-26 15:29:51:2792][main] INFO  - 폰정보 업데이트  
[2020-10-26 15:29:51:2792][main] INFO  - sync 종료 
[2020-10-26 15:32:05:624][main] INFO  - Starting DemoApplication on luxurysooNB with PID 34652 (C:\git\DSAT_USERSYNC\bin\main started by luxurysoo in C:\git\DSAT_USERSYNC)
[2020-10-26 15:32:05:627][main] INFO  - No active profile set, falling back to default profiles: default
[2020-10-26 15:32:06:1859][main] INFO  - Started DemoApplication in 1.549 seconds (JVM running for 5.904)
[2020-10-26 15:32:06:1860][main] INFO  - sync 시작 
[2020-10-26 15:32:07:2018][main] INFO  - tmp_daishin 테이블 삭제 
[2020-10-26 15:32:07:2283][main] INFO  - oracle 에서 정보 가져오기 
[2020-10-26 15:32:07:2323][main] INFO  - tmp_daishin 테이블에 데이터 입력 (postgres) 
[2020-10-26 15:32:07:2337][main] INFO  - tmp_daishin의 데이터로 그룹정보 조회 (view table)
[2020-10-26 15:32:07:2343][main] INFO  - ir_user_group 삭제 
[2020-10-26 15:32:07:2506][main] INFO  - ir_user_group 입력  
[2020-10-26 15:32:07:2516][main] INFO  - ir_user 정보 입력 
[2020-10-26 15:32:07:2516][main] INFO  - user 정보 입력  
[2020-10-26 15:32:07:2517][main] INFO  - last name : 퇴
[2020-10-26 15:32:07:2517][main] INFO  - first name : 직자
[2020-10-26 15:32:07:2543][main] INFO  - last name : 홍
[2020-10-26 15:32:07:2543][main] INFO  - first name : 길동
[2020-10-26 15:32:07:2559][main] INFO  - last name : 이
[2020-10-26 15:32:07:2559][main] INFO  - first name : 창현
[2020-10-26 15:32:07:2568][main] INFO  - last name : 김
[2020-10-26 15:32:07:2568][main] INFO  - first name : 기동
[2020-10-26 15:32:07:2579][main] INFO  - last name : 최
[2020-10-26 15:32:07:2580][main] INFO  - first name : 민수
[2020-10-26 15:32:07:2591][main] INFO  - last name : 하
[2020-10-26 15:32:07:2591][main] INFO  - first name : 재투
[2020-10-26 15:32:07:2601][main] INFO  - last name : 최
[2020-10-26 15:32:07:2601][main] INFO  - first name : 병운
[2020-10-26 15:32:07:2609][main] INFO  - last name : 김
[2020-10-26 15:32:07:2609][main] INFO  - first name : 수희
[2020-10-26 15:32:07:2619][main] INFO  - last name : 김
[2020-10-26 15:32:07:2619][main] INFO  - first name : 민왕
[2020-10-26 15:32:07:2627][main] INFO  - last name : 최
[2020-10-26 15:32:07:2627][main] INFO  - first name : 철이
[2020-10-26 15:32:07:2635][main] INFO  - last name : 조
[2020-10-26 15:32:07:2635][main] INFO  - first name : 원수
[2020-10-26 15:32:07:2643][main] INFO  - last name : 기
[2020-10-26 15:32:07:2643][main] INFO  - first name : 원수
[2020-10-26 15:32:07:2654][main] INFO  - last name : 김
[2020-10-26 15:32:07:2654][main] INFO  - first name : 정일
[2020-10-26 15:32:07:2665][main] INFO  - last name : 김
[2020-10-26 15:32:07:2665][main] INFO  - first name : 갑주
[2020-10-26 15:32:07:2675][main] INFO  - last name : 김
[2020-10-26 15:32:07:2675][main] INFO  - first name : 관주
[2020-10-26 15:32:07:2684][main] INFO  - last name : 김
[2020-10-26 15:32:07:2685][main] INFO  - first name : 기보
[2020-10-26 15:32:07:2694][main] INFO  - last name : 권
[2020-10-26 15:32:07:2694][main] INFO  - first name : 혁차
[2020-10-26 15:32:07:2718][main] INFO  - last name : 김
[2020-10-26 15:32:07:2718][main] INFO  - first name : 세로
[2020-10-26 15:32:07:2782][main] INFO  - last name : 가
[2020-10-26 15:32:07:2782][main] INFO  - first name : 나다
[2020-10-26 15:32:07:2788][main] INFO  - last name : 김
[2020-10-26 15:32:07:2788][main] INFO  - first name : 관주
[2020-10-26 15:32:07:2797][main] INFO  - 폰정보 업데이트  
[2020-10-26 15:32:07:2797][main] INFO  - sync 종료 
[2020-10-26 15:33:33:660][main] INFO  - Starting DemoApplication on luxurysooNB with PID 29660 (C:\git\DSAT_USERSYNC\bin\main started by luxurysoo in C:\git\DSAT_USERSYNC)
[2020-10-26 15:33:33:664][main] INFO  - No active profile set, falling back to default profiles: default
[2020-10-26 15:33:34:1874][main] INFO  - Started DemoApplication in 1.582 seconds (JVM running for 5.958)
[2020-10-26 15:33:34:1875][main] INFO  - sync 시작 
[2020-10-26 15:33:34:2027][main] INFO  - tmp_daishin 테이블 삭제 
[2020-10-26 15:33:34:2240][main] INFO  - oracle 에서 정보 가져오기 
[2020-10-26 15:33:34:2284][main] INFO  - tmp_daishin 테이블에 데이터 입력 (postgres) 
[2020-10-26 15:33:34:2298][main] INFO  - tmp_daishin의 데이터로 그룹정보 조회 (view table)
[2020-10-26 15:33:34:2305][main] INFO  - ir_user_group 삭제 
[2020-10-26 15:33:35:2502][main] INFO  - ir_user_group 입력  
[2020-10-26 15:33:35:2516][main] INFO  - ir_user 정보 입력 
[2020-10-26 15:33:35:2516][main] INFO  - user 정보 입력  
[2020-10-26 15:33:35:2516][main] INFO  - last name : 퇴
[2020-10-26 15:33:35:2516][main] INFO  - first name : 직자
[2020-10-26 15:33:35:2597][main] INFO  - last name : 홍
[2020-10-26 15:33:35:2597][main] INFO  - first name : 길동
[2020-10-26 15:33:35:2617][main] INFO  - last name : 이
[2020-10-26 15:33:35:2617][main] INFO  - first name : 창현
[2020-10-26 15:33:35:2630][main] INFO  - last name : 김
[2020-10-26 15:33:35:2630][main] INFO  - first name : 기동
[2020-10-26 15:33:35:2642][main] INFO  - last name : 최
[2020-10-26 15:33:35:2642][main] INFO  - first name : 민수
[2020-10-26 15:33:35:2654][main] INFO  - last name : 하
[2020-10-26 15:33:35:2654][main] INFO  - first name : 재투
[2020-10-26 15:33:35:2665][main] INFO  - last name : 최
[2020-10-26 15:33:35:2665][main] INFO  - first name : 병운
[2020-10-26 15:33:35:2676][main] INFO  - last name : 김
[2020-10-26 15:33:35:2676][main] INFO  - first name : 수희
[2020-10-26 15:33:35:2688][main] INFO  - last name : 김
[2020-10-26 15:33:35:2688][main] INFO  - first name : 민왕
[2020-10-26 15:33:35:2697][main] INFO  - last name : 최
[2020-10-26 15:33:35:2697][main] INFO  - first name : 철이
[2020-10-26 15:33:35:2704][main] INFO  - last name : 조
[2020-10-26 15:33:35:2704][main] INFO  - first name : 원수
[2020-10-26 15:33:35:2712][main] INFO  - last name : 기
[2020-10-26 15:33:35:2712][main] INFO  - first name : 원수
[2020-10-26 15:33:35:2721][main] INFO  - last name : 김
[2020-10-26 15:33:35:2721][main] INFO  - first name : 정일
[2020-10-26 15:33:35:2730][main] INFO  - last name : 김
[2020-10-26 15:33:35:2730][main] INFO  - first name : 갑주
[2020-10-26 15:33:35:2740][main] INFO  - last name : 김
[2020-10-26 15:33:35:2740][main] INFO  - first name : 관주
[2020-10-26 15:33:35:2751][main] INFO  - last name : 김
[2020-10-26 15:33:35:2751][main] INFO  - first name : 기보
[2020-10-26 15:33:35:2762][main] INFO  - last name : 권
[2020-10-26 15:33:35:2762][main] INFO  - first name : 혁차
[2020-10-26 15:33:35:2786][main] INFO  - last name : 김
[2020-10-26 15:33:35:2786][main] INFO  - first name : 세로
[2020-10-26 15:33:35:2846][main] INFO  - last name : 가
[2020-10-26 15:33:35:2846][main] INFO  - first name : 나다
[2020-10-26 15:33:35:2883][main] INFO  - last name : 김
[2020-10-26 15:33:35:2883][main] INFO  - first name : 관주
[2020-10-26 15:33:35:2890][main] INFO  - 폰정보 업데이트  
[2020-10-26 15:33:35:2890][main] INFO  - sync 종료 
[2020-10-26 15:34:12:702][main] INFO  - Starting DemoApplication on luxurysooNB with PID 42416 (C:\git\DSAT_USERSYNC\bin\main started by luxurysoo in C:\git\DSAT_USERSYNC)
[2020-10-26 15:34:12:706][main] INFO  - No active profile set, falling back to default profiles: default
[2020-10-26 15:34:14:1936][main] INFO  - Started DemoApplication in 1.585 seconds (JVM running for 5.956)
[2020-10-26 15:34:14:1938][main] INFO  - sync 시작 
[2020-10-26 15:34:14:2098][main] INFO  - tmp_daishin 테이블 삭제 
[2020-10-26 15:34:14:2366][main] INFO  - oracle 에서 정보 가져오기 
[2020-10-26 15:34:14:2418][main] INFO  - tmp_daishin 테이블에 데이터 입력 (postgres) 
[2020-10-26 15:34:14:2431][main] INFO  - tmp_daishin의 데이터로 그룹정보 조회 (view table)
[2020-10-26 15:34:14:2440][main] INFO  - ir_user_group 삭제 
[2020-10-26 15:34:14:2623][main] INFO  - ir_user_group 입력  
[2020-10-26 15:34:14:2631][main] INFO  - ir_user 정보 입력 
[2020-10-26 15:34:14:2631][main] INFO  - user 정보 입력  
[2020-10-26 15:34:14:2632][main] INFO  - last name : 퇴
[2020-10-26 15:34:14:2632][main] INFO  - first name : 직자
[2020-10-26 15:34:14:2707][main] INFO  - last name : 홍
[2020-10-26 15:34:14:2707][main] INFO  - first name : 길동
[2020-10-26 15:34:14:2722][main] INFO  - last name : 이
[2020-10-26 15:34:14:2722][main] INFO  - first name : 창현
[2020-10-26 15:34:15:2731][main] INFO  - last name : 김
[2020-10-26 15:34:15:2731][main] INFO  - first name : 기동
[2020-10-26 15:34:15:2740][main] INFO  - last name : 최
[2020-10-26 15:34:15:2740][main] INFO  - first name : 민수
[2020-10-26 15:34:15:2748][main] INFO  - last name : 하
[2020-10-26 15:34:15:2748][main] INFO  - first name : 재투
[2020-10-26 15:34:15:2758][main] INFO  - last name : 최
[2020-10-26 15:34:15:2758][main] INFO  - first name : 병운
[2020-10-26 15:34:15:2767][main] INFO  - last name : 김
[2020-10-26 15:34:15:2767][main] INFO  - first name : 수희
[2020-10-26 15:34:15:2777][main] INFO  - last name : 김
[2020-10-26 15:34:15:2777][main] INFO  - first name : 민왕
[2020-10-26 15:34:15:2787][main] INFO  - last name : 최
[2020-10-26 15:34:15:2787][main] INFO  - first name : 철이
[2020-10-26 15:34:15:2799][main] INFO  - last name : 조
[2020-10-26 15:34:15:2799][main] INFO  - first name : 원수
[2020-10-26 15:34:15:2809][main] INFO  - last name : 기
[2020-10-26 15:34:15:2809][main] INFO  - first name : 원수
[2020-10-26 15:34:15:2819][main] INFO  - last name : 김
[2020-10-26 15:34:15:2819][main] INFO  - first name : 정일
[2020-10-26 15:34:15:2827][main] INFO  - last name : 김
[2020-10-26 15:34:15:2827][main] INFO  - first name : 갑주
[2020-10-26 15:34:15:2836][main] INFO  - last name : 김
[2020-10-26 15:34:15:2836][main] INFO  - first name : 관주
[2020-10-26 15:34:15:2844][main] INFO  - last name : 김
[2020-10-26 15:34:15:2844][main] INFO  - first name : 기보
[2020-10-26 15:34:15:2855][main] INFO  - last name : 권
[2020-10-26 15:34:15:2855][main] INFO  - first name : 혁차
[2020-10-26 15:34:15:2892][main] INFO  - last name : 김
[2020-10-26 15:34:15:2892][main] INFO  - first name : 세로
[2020-10-26 15:34:15:2978][main] INFO  - last name : 가
[2020-10-26 15:34:15:2978][main] INFO  - first name : 나다
[2020-10-26 15:34:15:2984][main] INFO  - last name : 김
[2020-10-26 15:34:15:2984][main] INFO  - first name : 관주
[2020-10-26 15:34:15:2993][main] INFO  - 폰정보 업데이트  
[2020-10-26 15:34:15:2993][main] INFO  - sync 종료 
[2020-10-26 15:34:48:615][main] INFO  - Starting DemoApplication on luxurysooNB with PID 38808 (C:\git\DSAT_USERSYNC\bin\main started by luxurysoo in C:\git\DSAT_USERSYNC)
[2020-10-26 15:34:48:619][main] INFO  - No active profile set, falling back to default profiles: default
[2020-10-26 15:34:49:1721][main] INFO  - Started DemoApplication in 1.397 seconds (JVM running for 5.551)
[2020-10-26 15:34:49:1723][main] INFO  - sync 시작 
[2020-10-26 15:34:49:1870][main] INFO  - tmp_daishin 테이블 삭제 
[2020-10-26 15:34:49:2109][main] INFO  - oracle 에서 정보 가져오기 
[2020-10-26 15:34:49:2153][main] INFO  - tmp_daishin 테이블에 데이터 입력 (postgres) 
[2020-10-26 15:34:49:2167][main] INFO  - tmp_daishin의 데이터로 그룹정보 조회 (view table)
[2020-10-26 15:34:49:2175][main] INFO  - ir_user_group 삭제 
[2020-10-26 15:34:49:2330][main] INFO  - ir_user_group 입력  
[2020-10-26 15:34:49:2337][main] INFO  - ir_user 정보 입력 
[2020-10-26 15:34:49:2338][main] INFO  - user 정보 입력  
[2020-10-26 15:34:49:2338][main] INFO  - last name : 퇴
[2020-10-26 15:34:49:2338][main] INFO  - first name : 직자
[2020-10-26 15:34:49:2406][main] INFO  - last name : 홍
[2020-10-26 15:34:49:2406][main] INFO  - first name : 길동
[2020-10-26 15:34:49:2423][main] INFO  - last name : 이
[2020-10-26 15:34:49:2424][main] INFO  - first name : 창현
[2020-10-26 15:34:49:2435][main] INFO  - last name : 김
[2020-10-26 15:34:49:2435][main] INFO  - first name : 기동
[2020-10-26 15:34:50:2446][main] INFO  - last name : 최
[2020-10-26 15:34:50:2446][main] INFO  - first name : 민수
[2020-10-26 15:34:50:2459][main] INFO  - last name : 하
[2020-10-26 15:34:50:2459][main] INFO  - first name : 재투
[2020-10-26 15:34:50:2472][main] INFO  - last name : 최
[2020-10-26 15:34:50:2472][main] INFO  - first name : 병운
[2020-10-26 15:34:50:2483][main] INFO  - last name : 김
[2020-10-26 15:34:50:2483][main] INFO  - first name : 수희
[2020-10-26 15:34:50:2492][main] INFO  - last name : 김
[2020-10-26 15:34:50:2492][main] INFO  - first name : 민왕
[2020-10-26 15:34:50:2503][main] INFO  - last name : 최
[2020-10-26 15:34:50:2504][main] INFO  - first name : 철이
[2020-10-26 15:34:50:2515][main] INFO  - last name : 조
[2020-10-26 15:34:50:2515][main] INFO  - first name : 원수
[2020-10-26 15:34:50:2527][main] INFO  - last name : 기
[2020-10-26 15:34:50:2527][main] INFO  - first name : 원수
[2020-10-26 15:34:50:2540][main] INFO  - last name : 김
[2020-10-26 15:34:50:2540][main] INFO  - first name : 정일
[2020-10-26 15:34:50:2548][main] INFO  - last name : 김
[2020-10-26 15:34:50:2548][main] INFO  - first name : 갑주
[2020-10-26 15:34:50:2556][main] INFO  - last name : 김
[2020-10-26 15:34:50:2556][main] INFO  - first name : 관주
[2020-10-26 15:34:50:2565][main] INFO  - last name : 김
[2020-10-26 15:34:50:2565][main] INFO  - first name : 기보
[2020-10-26 15:34:50:2577][main] INFO  - last name : 권
[2020-10-26 15:34:50:2577][main] INFO  - first name : 혁차
[2020-10-26 15:34:50:2607][main] INFO  - last name : 김
[2020-10-26 15:34:50:2608][main] INFO  - first name : 세로
[2020-10-26 15:34:50:2681][main] INFO  - last name : 가
[2020-10-26 15:34:50:2681][main] INFO  - first name : 나다
[2020-10-26 15:34:50:2687][main] INFO  - last name : 김
[2020-10-26 15:34:50:2688][main] INFO  - first name : 관주
[2020-10-26 15:34:50:2696][main] INFO  - 폰정보 업데이트  
[2020-10-26 15:34:50:2696][main] INFO  - sync 종료 
[2020-10-26 15:35:26:609][main] INFO  - Starting DemoApplication on luxurysooNB with PID 36416 (C:\git\DSAT_USERSYNC\bin\main started by luxurysoo in C:\git\DSAT_USERSYNC)
[2020-10-26 15:35:26:614][main] INFO  - No active profile set, falling back to default profiles: default
[2020-10-26 15:35:27:1766][main] INFO  - Started DemoApplication in 1.47 seconds (JVM running for 6.12)
[2020-10-26 15:35:27:1768][main] INFO  - sync 시작 
[2020-10-26 15:35:28:1928][main] INFO  - tmp_daishin 테이블 삭제 
[2020-10-26 15:35:28:2165][main] INFO  - oracle 에서 정보 가져오기 
[2020-10-26 15:35:28:2216][main] INFO  - tmp_daishin 테이블에 데이터 입력 (postgres) 
[2020-10-26 15:35:28:2233][main] INFO  - tmp_daishin의 데이터로 그룹정보 조회 (view table)
[2020-10-26 15:35:28:2242][main] INFO  - ir_user_group 삭제 
[2020-10-26 15:35:28:2417][main] INFO  - ir_user_group 입력  
[2020-10-26 15:35:28:2428][main] INFO  - ir_user 정보 입력 
[2020-10-26 15:35:28:2428][main] INFO  - user 정보 입력  
[2020-10-26 15:35:28:2429][main] INFO  - last name : 퇴
[2020-10-26 15:35:28:2429][main] INFO  - first name : 직자
[2020-10-26 15:35:28:2528][main] INFO  - last name : 홍
[2020-10-26 15:35:28:2528][main] INFO  - first name : 길동
[2020-10-26 15:35:28:2544][main] INFO  - last name : 이
[2020-10-26 15:35:28:2544][main] INFO  - first name : 창현
[2020-10-26 15:35:28:2555][main] INFO  - last name : 김
[2020-10-26 15:35:28:2556][main] INFO  - first name : 기동
[2020-10-26 15:35:28:2565][main] INFO  - last name : 최
[2020-10-26 15:35:28:2565][main] INFO  - first name : 민수
[2020-10-26 15:35:28:2574][main] INFO  - last name : 하
[2020-10-26 15:35:28:2574][main] INFO  - first name : 재투
[2020-10-26 15:35:28:2586][main] INFO  - last name : 최
[2020-10-26 15:35:28:2586][main] INFO  - first name : 병운
[2020-10-26 15:35:28:2598][main] INFO  - last name : 김
[2020-10-26 15:35:28:2598][main] INFO  - first name : 수희
[2020-10-26 15:35:28:2607][main] INFO  - last name : 김
[2020-10-26 15:35:28:2607][main] INFO  - first name : 민왕
[2020-10-26 15:35:28:2614][main] INFO  - last name : 최
[2020-10-26 15:35:28:2615][main] INFO  - first name : 철이
[2020-10-26 15:35:28:2621][main] INFO  - last name : 조
[2020-10-26 15:35:28:2621][main] INFO  - first name : 원수
[2020-10-26 15:35:28:2629][main] INFO  - last name : 기
[2020-10-26 15:35:28:2629][main] INFO  - first name : 원수
[2020-10-26 15:35:28:2636][main] INFO  - last name : 김
[2020-10-26 15:35:28:2636][main] INFO  - first name : 정일
[2020-10-26 15:35:28:2643][main] INFO  - last name : 김
[2020-10-26 15:35:28:2643][main] INFO  - first name : 갑주
[2020-10-26 15:35:28:2650][main] INFO  - last name : 김
[2020-10-26 15:35:28:2650][main] INFO  - first name : 관주
[2020-10-26 15:35:28:2658][main] INFO  - last name : 김
[2020-10-26 15:35:28:2658][main] INFO  - first name : 기보
[2020-10-26 15:35:28:2667][main] INFO  - last name : 권
[2020-10-26 15:35:28:2667][main] INFO  - first name : 혁차
[2020-10-26 15:35:28:2696][main] INFO  - last name : 김
[2020-10-26 15:35:28:2696][main] INFO  - first name : 세로
[2020-10-26 15:35:28:2767][main] INFO  - last name : 가
[2020-10-26 15:35:28:2767][main] INFO  - first name : 나다
[2020-10-26 15:35:28:2772][main] INFO  - last name : 김
[2020-10-26 15:35:28:2772][main] INFO  - first name : 관주
[2020-10-26 15:35:28:2781][main] INFO  - 폰정보 업데이트  
[2020-10-26 15:35:28:2781][main] INFO  - sync 종료 
[2020-10-26 15:35:51:756][main] INFO  - Starting DemoApplication on luxurysooNB with PID 5224 (C:\git\DSAT_USERSYNC\bin\main started by luxurysoo in C:\git\DSAT_USERSYNC)
[2020-10-26 15:35:51:758][main] INFO  - No active profile set, falling back to default profiles: default
[2020-10-26 15:35:52:2017][main] INFO  - Started DemoApplication in 1.684 seconds (JVM running for 6.312)
[2020-10-26 15:35:52:2018][main] INFO  - sync 시작 
[2020-10-26 15:35:53:2160][main] INFO  - tmp_daishin 테이블 삭제 
[2020-10-26 15:35:53:2380][main] INFO  - oracle 에서 정보 가져오기 
[2020-10-26 15:35:53:2421][main] INFO  - tmp_daishin 테이블에 데이터 입력 (postgres) 
[2020-10-26 15:35:53:2434][main] INFO  - tmp_daishin의 데이터로 그룹정보 조회 (view table)
[2020-10-26 15:35:53:2441][main] INFO  - ir_user_group 삭제 
[2020-10-26 15:35:53:2610][main] INFO  - ir_user_group 입력  
[2020-10-26 15:35:53:2618][main] INFO  - ir_user 정보 입력 
[2020-10-26 15:35:53:2619][main] INFO  - user 정보 입력  
[2020-10-26 15:35:53:2619][main] INFO  - last name : 퇴
[2020-10-26 15:35:53:2619][main] INFO  - first name : 직자
[2020-10-26 15:35:53:2637][main] INFO  - last name : 홍
[2020-10-26 15:35:53:2637][main] INFO  - first name : 길동
[2020-10-26 15:35:53:2651][main] INFO  - last name : 이
[2020-10-26 15:35:53:2651][main] INFO  - first name : 창현
[2020-10-26 15:35:53:2662][main] INFO  - last name : 김
[2020-10-26 15:35:53:2662][main] INFO  - first name : 기동
[2020-10-26 15:35:53:2671][main] INFO  - last name : 최
[2020-10-26 15:35:53:2671][main] INFO  - first name : 민수
[2020-10-26 15:35:53:2681][main] INFO  - last name : 하
[2020-10-26 15:35:53:2681][main] INFO  - first name : 재투
[2020-10-26 15:35:53:2692][main] INFO  - last name : 최
[2020-10-26 15:35:53:2692][main] INFO  - first name : 병운
[2020-10-26 15:35:53:2702][main] INFO  - last name : 김
[2020-10-26 15:35:53:2703][main] INFO  - first name : 수희
[2020-10-26 15:35:53:2712][main] INFO  - last name : 김
[2020-10-26 15:35:53:2712][main] INFO  - first name : 민왕
[2020-10-26 15:35:53:2721][main] INFO  - last name : 최
[2020-10-26 15:35:53:2721][main] INFO  - first name : 철이
[2020-10-26 15:35:53:2730][main] INFO  - last name : 조
[2020-10-26 15:35:53:2730][main] INFO  - first name : 원수
[2020-10-26 15:35:53:2738][main] INFO  - last name : 기
[2020-10-26 15:35:53:2738][main] INFO  - first name : 원수
[2020-10-26 15:35:53:2748][main] INFO  - last name : 김
[2020-10-26 15:35:53:2749][main] INFO  - first name : 정일
[2020-10-26 15:35:53:2758][main] INFO  - last name : 김
[2020-10-26 15:35:53:2758][main] INFO  - first name : 갑주
[2020-10-26 15:35:53:2767][main] INFO  - last name : 김
[2020-10-26 15:35:53:2767][main] INFO  - first name : 관주
[2020-10-26 15:35:53:2777][main] INFO  - last name : 김
[2020-10-26 15:35:53:2777][main] INFO  - first name : 기보
[2020-10-26 15:35:53:2789][main] INFO  - last name : 권
[2020-10-26 15:35:53:2789][main] INFO  - first name : 혁차
[2020-10-26 15:35:53:2814][main] INFO  - last name : 김
[2020-10-26 15:35:53:2814][main] INFO  - first name : 세로
[2020-10-26 15:35:53:2893][main] INFO  - last name : 가
[2020-10-26 15:35:53:2893][main] INFO  - first name : 나다
[2020-10-26 15:35:53:2900][main] INFO  - last name : 김
[2020-10-26 15:35:53:2900][main] INFO  - first name : 관주
[2020-10-26 15:35:53:2910][main] INFO  - 폰정보 업데이트  
[2020-10-26 15:35:53:2910][main] INFO  - sync 종료 
[2020-10-26 15:36:26:623][main] INFO  - Starting DemoApplication on luxurysooNB with PID 10308 (C:\git\DSAT_USERSYNC\bin\main started by luxurysoo in C:\git\DSAT_USERSYNC)
[2020-10-26 15:36:26:627][main] INFO  - No active profile set, falling back to default profiles: default
[2020-10-26 15:36:27:1748][main] INFO  - Started DemoApplication in 1.437 seconds (JVM running for 5.712)
[2020-10-26 15:36:27:1749][main] INFO  - sync 시작 
[2020-10-26 15:36:27:1891][main] INFO  - tmp_daishin 테이블 삭제 
[2020-10-26 15:36:27:2114][main] INFO  - oracle 에서 정보 가져오기 
[2020-10-26 15:36:27:2163][main] INFO  - tmp_daishin 테이블에 데이터 입력 (postgres) 
[2020-10-26 15:36:27:2182][main] INFO  - tmp_daishin의 데이터로 그룹정보 조회 (view table)
[2020-10-26 15:36:27:2194][main] INFO  - ir_user_group 삭제 
[2020-10-26 15:36:27:2350][main] INFO  - ir_user_group 입력  
[2020-10-26 15:36:27:2359][main] INFO  - ir_user 정보 입력 
[2020-10-26 15:36:27:2359][main] INFO  - user 정보 입력  
[2020-10-26 15:36:27:2359][main] INFO  - last name : 퇴
[2020-10-26 15:36:27:2359][main] INFO  - first name : 직자
[2020-10-26 15:36:27:2379][main] INFO  - last name : 홍
[2020-10-26 15:36:27:2379][main] INFO  - first name : 길동
[2020-10-26 15:36:27:2396][main] INFO  - last name : 이
[2020-10-26 15:36:27:2396][main] INFO  - first name : 창현
[2020-10-26 15:36:27:2407][main] INFO  - last name : 김
[2020-10-26 15:36:27:2408][main] INFO  - first name : 기동
[2020-10-26 15:36:27:2419][main] INFO  - last name : 최
[2020-10-26 15:36:27:2419][main] INFO  - first name : 민수
[2020-10-26 15:36:27:2429][main] INFO  - last name : 하
[2020-10-26 15:36:27:2429][main] INFO  - first name : 재투
[2020-10-26 15:36:27:2440][main] INFO  - last name : 최
[2020-10-26 15:36:27:2440][main] INFO  - first name : 병운
[2020-10-26 15:36:27:2452][main] INFO  - last name : 김
[2020-10-26 15:36:27:2452][main] INFO  - first name : 수희
[2020-10-26 15:36:28:2462][main] INFO  - last name : 김
[2020-10-26 15:36:28:2462][main] INFO  - first name : 민왕
[2020-10-26 15:36:28:2471][main] INFO  - last name : 최
[2020-10-26 15:36:28:2471][main] INFO  - first name : 철이
[2020-10-26 15:36:28:2481][main] INFO  - last name : 조
[2020-10-26 15:36:28:2481][main] INFO  - first name : 원수
[2020-10-26 15:36:28:2493][main] INFO  - last name : 기
[2020-10-26 15:36:28:2493][main] INFO  - first name : 원수
[2020-10-26 15:36:28:2506][main] INFO  - last name : 김
[2020-10-26 15:36:28:2506][main] INFO  - first name : 정일
[2020-10-26 15:36:28:2514][main] INFO  - last name : 김
[2020-10-26 15:36:28:2515][main] INFO  - first name : 갑주
[2020-10-26 15:36:28:2522][main] INFO  - last name : 김
[2020-10-26 15:36:28:2522][main] INFO  - first name : 관주
[2020-10-26 15:36:28:2530][main] INFO  - last name : 김
[2020-10-26 15:36:28:2530][main] INFO  - first name : 기보
[2020-10-26 15:36:28:2540][main] INFO  - last name : 권
[2020-10-26 15:36:28:2540][main] INFO  - first name : 혁차
[2020-10-26 15:36:28:2568][main] INFO  - last name : 김
[2020-10-26 15:36:28:2568][main] INFO  - first name : 세로이
[2020-10-26 15:36:28:2647][main] INFO  - last name : 가
[2020-10-26 15:36:28:2647][main] INFO  - first name : 나다
[2020-10-26 15:36:28:2653][main] INFO  - last name : 김
[2020-10-26 15:36:28:2653][main] INFO  - first name : 관주
[2020-10-26 15:36:28:2663][main] INFO  - 폰정보 업데이트  
[2020-10-26 15:36:28:2663][main] INFO  - sync 종료 
[2020-10-26 15:36:44:620][main] INFO  - Starting DemoApplication on luxurysooNB with PID 45928 (C:\git\DSAT_USERSYNC\bin\main started by luxurysoo in C:\git\DSAT_USERSYNC)
[2020-10-26 15:36:44:623][main] INFO  - No active profile set, falling back to default profiles: default
[2020-10-26 15:36:45:1894][main] INFO  - Started DemoApplication in 1.596 seconds (JVM running for 5.757)
[2020-10-26 15:36:45:1895][main] INFO  - sync 시작 
[2020-10-26 15:36:46:2069][main] INFO  - tmp_daishin 테이블 삭제 
[2020-10-26 15:36:46:2334][main] INFO  - oracle 에서 정보 가져오기 
[2020-10-26 15:36:46:2374][main] INFO  - tmp_daishin 테이블에 데이터 입력 (postgres) 
[2020-10-26 15:36:46:2392][main] INFO  - tmp_daishin의 데이터로 그룹정보 조회 (view table)
[2020-10-26 15:36:46:2402][main] INFO  - ir_user_group 삭제 
[2020-10-26 15:36:46:2568][main] INFO  - ir_user_group 입력  
[2020-10-26 15:36:46:2584][main] INFO  - ir_user 정보 입력 
[2020-10-26 15:36:46:2584][main] INFO  - user 정보 입력  
[2020-10-26 15:36:46:2585][main] INFO  - last name : 퇴
[2020-10-26 15:36:46:2585][main] INFO  - first name : 직자
[2020-10-26 15:36:46:2609][main] INFO  - last name : 홍
[2020-10-26 15:36:46:2609][main] INFO  - first name : 길동
[2020-10-26 15:36:46:2629][main] INFO  - last name : 이
[2020-10-26 15:36:46:2629][main] INFO  - first name : 창현
[2020-10-26 15:36:46:2642][main] INFO  - last name : 김
[2020-10-26 15:36:46:2642][main] INFO  - first name : 기동
[2020-10-26 15:36:46:2656][main] INFO  - last name : 최
[2020-10-26 15:36:46:2656][main] INFO  - first name : 민수
[2020-10-26 15:36:46:2668][main] INFO  - last name : 하
[2020-10-26 15:36:46:2668][main] INFO  - first name : 재투
[2020-10-26 15:36:46:2680][main] INFO  - last name : 최
[2020-10-26 15:36:46:2680][main] INFO  - first name : 병운
[2020-10-26 15:36:46:2692][main] INFO  - last name : 김
[2020-10-26 15:36:46:2692][main] INFO  - first name : 수희
[2020-10-26 15:36:46:2702][main] INFO  - last name : 김
[2020-10-26 15:36:46:2702][main] INFO  - first name : 민왕
[2020-10-26 15:36:46:2712][main] INFO  - last name : 최
[2020-10-26 15:36:46:2712][main] INFO  - first name : 철이
[2020-10-26 15:36:46:2722][main] INFO  - last name : 조
[2020-10-26 15:36:46:2722][main] INFO  - first name : 원수
[2020-10-26 15:36:46:2732][main] INFO  - last name : 기
[2020-10-26 15:36:46:2732][main] INFO  - first name : 원수
[2020-10-26 15:36:46:2746][main] INFO  - last name : 김
[2020-10-26 15:36:46:2746][main] INFO  - first name : 정일
[2020-10-26 15:36:46:2758][main] INFO  - last name : 김
[2020-10-26 15:36:46:2758][main] INFO  - first name : 갑주
[2020-10-26 15:36:46:2771][main] INFO  - last name : 김
[2020-10-26 15:36:46:2771][main] INFO  - first name : 관주
[2020-10-26 15:36:46:2782][main] INFO  - last name : 김
[2020-10-26 15:36:46:2782][main] INFO  - first name : 기보
[2020-10-26 15:36:46:2793][main] INFO  - last name : 권
[2020-10-26 15:36:46:2793][main] INFO  - first name : 혁차
[2020-10-26 15:36:46:2802][main] INFO  - last name : 권
[2020-10-26 15:36:46:2802][main] INFO  - first name : 혁
[2020-10-26 15:36:46:2810][main] INFO  - last name : 이
[2020-10-26 15:36:46:2810][main] INFO  - first name : 혁
[2020-10-26 15:36:46:2819][main] INFO  - last name : 김
[2020-10-26 15:36:46:2819][main] INFO  - first name : 세로이
[2020-10-26 15:36:46:2902][main] INFO  - last name : 가
[2020-10-26 15:36:46:2902][main] INFO  - first name : 나다
[2020-10-26 15:36:46:2909][main] INFO  - last name : 김
[2020-10-26 15:36:46:2909][main] INFO  - first name : 관주
[2020-10-26 15:36:46:2918][main] INFO  - 폰정보 업데이트  
[2020-10-26 15:36:46:2918][main] INFO  - sync 종료 
