[2021-06-30 13:09:22:751][main] DEBUG com.innoinc.DemoApplication - Running with Spring Boot v2.2.4.RELEASE, Spring v5.2.3.RELEASE
[2021-06-30 13:09:23:2272][main] DEBUG com.innoinc.dao.postgres.ir.IrUserMapper.selectIruserByUserid - ==>  Preparing: SELECT count(user_id) as count FROM ir_user WHERE user_id = ? 
[2021-06-30 13:09:23:2284][main] DEBUG com.innoinc.dao.postgres.ir.IrUserMapper.selectIruserByUserid - ==> Parameters: test(String)
[2021-06-30 13:09:23:2306][main] DEBUG com.innoinc.dao.postgres.ir.IrUserMapper.selectIruserByUserid - <==      Total: 1
[2021-06-30 13:20:59:751][main] DEBUG com.innoinc.DemoApplication - Running with Spring Boot v2.2.4.RELEASE, Spring v5.2.3.RELEASE
[2021-06-30 13:21:34:733][main] DEBUG com.innoinc.DemoApplication - Running with Spring Boot v2.2.4.RELEASE, Spring v5.2.3.RELEASE
[2021-06-30 13:21:36:2240][main] DEBUG com.innoinc.dao.postgres.ir.IrUserMapper.selectAll - ==>  Preparing: SELECT * FROM ir_user 
[2021-06-30 13:21:36:2252][main] DEBUG com.innoinc.dao.postgres.ir.IrUserMapper.selectAll - ==> Parameters: 
[2021-06-30 13:21:36:2278][main] DEBUG com.innoinc.dao.postgres.ir.IrUserMapper.selectAll - <==      Total: 2
[2021-06-30 13:22:28:742][main] DEBUG com.innoinc.DemoApplication - Running with Spring Boot v2.2.4.RELEASE, Spring v5.2.3.RELEASE
[2021-06-30 13:22:30:2245][main] DEBUG com.innoinc.dao.postgres.ir.IrUserMapper.selectAll - ==>  Preparing: SELECT * FROM ir_user 
[2021-06-30 13:22:30:2258][main] DEBUG com.innoinc.dao.postgres.ir.IrUserMapper.selectAll - ==> Parameters: 
[2021-06-30 13:22:30:2290][main] DEBUG com.innoinc.dao.postgres.ir.IrUserMapper.selectAll - <==      Total: 2
[2021-06-30 13:26:16:790][main] DEBUG com.innoinc.DemoApplication - Running with Spring Boot v2.2.4.RELEASE, Spring v5.2.3.RELEASE
[2021-06-30 13:38:57:777][main] DEBUG com.innoinc.DemoApplication - Running with Spring Boot v2.2.4.RELEASE, Spring v5.2.3.RELEASE
[2021-06-30 13:41:17:784][main] DEBUG com.innoinc.DemoApplication - Running with Spring Boot v2.2.4.RELEASE, Spring v5.2.3.RELEASE
[2021-06-30 13:42:37:772][main] DEBUG com.innoinc.DemoApplication - Running with Spring Boot v2.2.4.RELEASE, Spring v5.2.3.RELEASE
[2021-06-30 13:43:01:770][main] DEBUG com.innoinc.DemoApplication - Running with Spring Boot v2.2.4.RELEASE, Spring v5.2.3.RELEASE
[2021-06-30 13:44:51:748][main] DEBUG com.innoinc.DemoApplication - Running with Spring Boot v2.2.4.RELEASE, Spring v5.2.3.RELEASE
[2021-06-30 13:47:01:725][main] DEBUG com.innoinc.DemoApplication - Running with Spring Boot v2.2.4.RELEASE, Spring v5.2.3.RELEASE
[2021-06-30 13:47:39:747][main] DEBUG com.innoinc.DemoApplication - Running with Spring Boot v2.2.4.RELEASE, Spring v5.2.3.RELEASE
[2021-06-30 13:49:51:810][main] DEBUG com.innoinc.DemoApplication - Running with Spring Boot v2.2.4.RELEASE, Spring v5.2.3.RELEASE
[2021-06-30 13:52:18:801][main] DEBUG com.innoinc.DemoApplication - Running with Spring Boot v2.2.4.RELEASE, Spring v5.2.3.RELEASE
[2021-06-30 13:53:25:769][main] DEBUG com.innoinc.DemoApplication - Running with Spring Boot v2.2.4.RELEASE, Spring v5.2.3.RELEASE
[2021-06-30 13:53:50:750][main] DEBUG com.innoinc.DemoApplication - Running with Spring Boot v2.2.4.RELEASE, Spring v5.2.3.RELEASE
[2021-06-30 13:56:43:684][main] DEBUG com.innoinc.DemoApplication - Running with Spring Boot v2.2.4.RELEASE, Spring v5.2.3.RELEASE
[2021-06-30 14:15:19:720][main] DEBUG com.innoinc.DemoApplication - Running with Spring Boot v2.2.4.RELEASE, Spring v5.2.3.RELEASE
[2021-06-30 14:17:16:745][main] DEBUG com.innoinc.DemoApplication - Running with Spring Boot v2.2.4.RELEASE, Spring v5.2.3.RELEASE
[2021-06-30 14:19:44:742][main] DEBUG com.innoinc.DemoApplication - Running with Spring Boot v2.2.4.RELEASE, Spring v5.2.3.RELEASE
[2021-06-30 14:24:56:728][main] DEBUG com.innoinc.DemoApplication - Running with Spring Boot v2.2.4.RELEASE, Spring v5.2.3.RELEASE
[2021-06-30 14:28:47:752][main] DEBUG com.innoinc.DemoApplication - Running with Spring Boot v2.2.4.RELEASE, Spring v5.2.3.RELEASE
[2021-06-30 14:31:55:794][main] DEBUG com.innoinc.DemoApplication - Running with Spring Boot v2.2.4.RELEASE, Spring v5.2.3.RELEASE
[2021-06-30 14:38:33:714][main] DEBUG com.innoinc.DemoApplication - Running with Spring Boot v2.2.4.RELEASE, Spring v5.2.3.RELEASE
[2021-06-30 14:47:29:888][main] DEBUG com.innoinc.DemoApplication - Running with Spring Boot v2.2.4.RELEASE, Spring v5.2.3.RELEASE
[2021-06-30 14:47:53:1264][main] DEBUG com.innoinc.DemoApplication - Running with Spring Boot v2.2.4.RELEASE, Spring v5.2.3.RELEASE
[2021-06-30 14:50:31:856][main] DEBUG com.innoinc.DemoApplication - Running with Spring Boot v2.2.4.RELEASE, Spring v5.2.3.RELEASE
[2021-06-30 14:52:05:802][main] DEBUG com.innoinc.DemoApplication - Running with Spring Boot v2.2.4.RELEASE, Spring v5.2.3.RELEASE
[2021-06-30 14:56:19:771][main] DEBUG com.innoinc.DemoApplication - Running with Spring Boot v2.2.4.RELEASE, Spring v5.2.3.RELEASE
[2021-06-30 14:58:25:733][main] DEBUG com.innoinc.DemoApplication - Running with Spring Boot v2.2.4.RELEASE, Spring v5.2.3.RELEASE
[2021-06-30 14:59:06:840][main] DEBUG com.innoinc.DemoApplication - Running with Spring Boot v2.2.4.RELEASE, Spring v5.2.3.RELEASE
[2021-06-30 15:00:01:844][main] DEBUG com.innoinc.DemoApplication - Running with Spring Boot v2.2.4.RELEASE, Spring v5.2.3.RELEASE
[2021-06-30 15:00:02:2468][main] DEBUG com.innoinc.dao.postgres.ir.IrUserMapper.selectAll - ==>  Preparing: SELECT * FROM ir_user 
[2021-06-30 15:00:02:2481][main] DEBUG com.innoinc.dao.postgres.ir.IrUserMapper.selectAll - ==> Parameters: 
[2021-06-30 15:00:02:2508][main] DEBUG com.innoinc.dao.postgres.ir.IrUserMapper.selectAll - <==      Total: 2
[2021-06-30 15:01:43:728][main] DEBUG com.innoinc.DemoApplication - Running with Spring Boot v2.2.4.RELEASE, Spring v5.2.3.RELEASE
[2021-06-30 15:01:45:2080][main] DEBUG com.innoinc.dao.postgres.ir.IrUserMapper.selectAll - ==>  Preparing: SELECT * FROM ir_user 
[2021-06-30 15:01:45:2095][main] DEBUG com.innoinc.dao.postgres.ir.IrUserMapper.selectAll - ==> Parameters: 
[2021-06-30 15:01:45:2140][main] DEBUG com.innoinc.dao.postgres.ir.IrUserMapper.selectAll - <==      Total: 2
[2021-06-30 15:02:17:736][main] DEBUG com.innoinc.DemoApplication - Running with Spring Boot v2.2.4.RELEASE, Spring v5.2.3.RELEASE
[2021-06-30 15:03:25:710][main] DEBUG com.innoinc.DemoApplication - Running with Spring Boot v2.2.4.RELEASE, Spring v5.2.3.RELEASE
[2021-06-30 15:05:26:778][main] DEBUG com.innoinc.DemoApplication - Running with Spring Boot v2.2.4.RELEASE, Spring v5.2.3.RELEASE
[2021-06-30 15:05:28:2140][main] DEBUG com.innoinc.dao.postgres181.ir.IrUserMapper.selectAll - ==>  Preparing: SELECT * FROM ir_user 
[2021-06-30 15:05:28:2155][main] DEBUG com.innoinc.dao.postgres181.ir.IrUserMapper.selectAll - ==> Parameters: 
[2021-06-30 15:05:28:2186][main] DEBUG com.innoinc.dao.postgres181.ir.IrUserMapper.selectAll - <==      Total: 2
[2021-06-30 15:06:52:772][main] DEBUG com.innoinc.DemoApplication - Running with Spring Boot v2.2.4.RELEASE, Spring v5.2.3.RELEASE
[2021-06-30 15:06:54:2136][main] DEBUG com.innoinc.dao.postgres181.ir.IrUserMapper.selectAll - ==>  Preparing: SELECT * FROM ir_user 
[2021-06-30 15:06:54:2148][main] DEBUG com.innoinc.dao.postgres181.ir.IrUserMapper.selectAll - ==> Parameters: 
[2021-06-30 15:06:54:2171][main] DEBUG com.innoinc.dao.postgres181.ir.IrUserMapper.selectAll - <==      Total: 2
[2021-06-30 15:07:28:744][main] DEBUG com.innoinc.DemoApplication - Running with Spring Boot v2.2.4.RELEASE, Spring v5.2.3.RELEASE
[2021-06-30 15:07:30:2120][main] DEBUG com.innoinc.dao.postgres181.ir.IrUserMapper.selectAll - ==>  Preparing: SELECT * FROM ir_user 
[2021-06-30 15:07:30:2133][main] DEBUG com.innoinc.dao.postgres181.ir.IrUserMapper.selectAll - ==> Parameters: 
[2021-06-30 15:07:30:2155][main] DEBUG com.innoinc.dao.postgres181.ir.IrUserMapper.selectAll - <==      Total: 2
[2021-06-30 15:08:19:760][main] DEBUG com.innoinc.DemoApplication - Running with Spring Boot v2.2.4.RELEASE, Spring v5.2.3.RELEASE
[2021-06-30 15:08:21:2116][main] DEBUG com.innoinc.dao.postgres181.ir.IrUserMapper.selectAll - ==>  Preparing: SELECT * FROM ir_user 
[2021-06-30 15:08:21:2130][main] DEBUG com.innoinc.dao.postgres181.ir.IrUserMapper.selectAll - ==> Parameters: 
[2021-06-30 15:08:21:2151][main] DEBUG com.innoinc.dao.postgres181.ir.IrUserMapper.selectAll - <==      Total: 2
[2021-06-30 15:08:47:787][main] DEBUG com.innoinc.DemoApplication - Running with Spring Boot v2.2.4.RELEASE, Spring v5.2.3.RELEASE
[2021-06-30 15:08:49:2192][main] DEBUG com.innoinc.dao.postgres181.ir.IrUserMapper181.selectAll - ==>  Preparing: SELECT * FROM ir_user 
[2021-06-30 15:08:49:2212][main] DEBUG com.innoinc.dao.postgres181.ir.IrUserMapper181.selectAll - ==> Parameters: 
[2021-06-30 15:08:49:2246][main] DEBUG com.innoinc.dao.postgres181.ir.IrUserMapper181.selectAll - <==      Total: 2
[2021-06-30 15:09:40:754][main] DEBUG com.innoinc.DemoApplication - Running with Spring Boot v2.2.4.RELEASE, Spring v5.2.3.RELEASE
[2021-06-30 15:10:19:747][main] DEBUG com.innoinc.DemoApplication - Running with Spring Boot v2.2.4.RELEASE, Spring v5.2.3.RELEASE
[2021-06-30 15:10:21:2146][main] DEBUG com.innoinc.dao.postgres181.ir.IrUserMapper181.selectAll - ==>  Preparing: SELECT * FROM ir_user 
[2021-06-30 15:10:21:2160][main] DEBUG com.innoinc.dao.postgres181.ir.IrUserMapper181.selectAll - ==> Parameters: 
[2021-06-30 15:10:21:2185][main] DEBUG com.innoinc.dao.postgres181.ir.IrUserMapper181.selectAll - <==      Total: 2
[2021-06-30 15:10:46:827][main] DEBUG com.innoinc.DemoApplication - Running with Spring Boot v2.2.4.RELEASE, Spring v5.2.3.RELEASE
[2021-06-30 15:10:48:2230][main] DEBUG com.innoinc.dao.postgres181.ir.IrUserMapper181.selectAll - ==>  Preparing: SELECT * FROM ir_user 
[2021-06-30 15:10:48:2248][main] DEBUG com.innoinc.dao.postgres181.ir.IrUserMapper181.selectAll - ==> Parameters: 
[2021-06-30 15:10:48:2279][main] DEBUG com.innoinc.dao.postgres181.ir.IrUserMapper181.selectAll - <==      Total: 2
[2021-06-30 15:11:28:754][main] DEBUG com.innoinc.DemoApplication - Running with Spring Boot v2.2.4.RELEASE, Spring v5.2.3.RELEASE
[2021-06-30 15:11:29:2241][main] DEBUG com.innoinc.dao.postgres181.ir.IrUserMapper181.selectAll - ==>  Preparing: SELECT * FROM ir_user 
[2021-06-30 15:11:29:2254][main] DEBUG com.innoinc.dao.postgres181.ir.IrUserMapper181.selectAll - ==> Parameters: 
[2021-06-30 15:11:29:2278][main] DEBUG com.innoinc.dao.postgres181.ir.IrUserMapper181.selectAll - <==      Total: 2
[2021-06-30 15:12:49:708][main] DEBUG com.innoinc.DemoApplication - Running with Spring Boot v2.2.4.RELEASE, Spring v5.2.3.RELEASE
[2021-06-30 15:12:50:2198][main] DEBUG com.innoinc.dao.postgres181.ir.IrUserMapper181.selectAll - ==>  Preparing: SELECT * FROM ir_user 
[2021-06-30 15:12:50:2210][main] DEBUG com.innoinc.dao.postgres181.ir.IrUserMapper181.selectAll - ==> Parameters: 
[2021-06-30 15:12:50:2232][main] DEBUG com.innoinc.dao.postgres181.ir.IrUserMapper181.selectAll - <==      Total: 2
[2021-06-30 15:13:36:729][main] DEBUG com.innoinc.DemoApplication - Running with Spring Boot v2.2.4.RELEASE, Spring v5.2.3.RELEASE
[2021-06-30 15:14:02:732][main] DEBUG com.innoinc.DemoApplication - Running with Spring Boot v2.2.4.RELEASE, Spring v5.2.3.RELEASE
[2021-06-30 15:14:49:710][main] DEBUG com.innoinc.DemoApplication - Running with Spring Boot v2.2.4.RELEASE, Spring v5.2.3.RELEASE
[2021-06-30 15:16:08:715][main] DEBUG com.innoinc.DemoApplication - Running with Spring Boot v2.2.4.RELEASE, Spring v5.2.3.RELEASE
[2021-06-30 15:17:20:774][main] DEBUG com.innoinc.DemoApplication - Running with Spring Boot v2.2.4.RELEASE, Spring v5.2.3.RELEASE
[2021-06-30 15:19:07:747][main] DEBUG com.innoinc.DemoApplication - Running with Spring Boot v2.2.4.RELEASE, Spring v5.2.3.RELEASE
[2021-06-30 15:20:33:751][main] DEBUG com.innoinc.DemoApplication - Running with Spring Boot v2.2.4.RELEASE, Spring v5.2.3.RELEASE
[2021-06-30 15:21:56:770][main] DEBUG com.innoinc.DemoApplication - Running with Spring Boot v2.2.4.RELEASE, Spring v5.2.3.RELEASE
[2021-06-30 15:21:58:2276][main] DEBUG com.innoinc.dao.postgres181.ir.IrUserMapper181.selectAll - ==>  Preparing: SELECT * FROM ir_user 
[2021-06-30 15:21:58:2290][main] DEBUG com.innoinc.dao.postgres181.ir.IrUserMapper181.selectAll - ==> Parameters: 
[2021-06-30 15:21:58:2310][main] DEBUG com.innoinc.dao.postgres181.ir.IrUserMapper181.selectAll - <==      Total: 2
[2021-06-30 15:22:44:768][main] DEBUG com.innoinc.DemoApplication - Running with Spring Boot v2.2.4.RELEASE, Spring v5.2.3.RELEASE
[2021-06-30 15:22:45:2243][main] DEBUG com.innoinc.dao.postgres181.ir.IrUserMapper181.selectAll - ==>  Preparing: SELECT * FROM ir_user 
[2021-06-30 15:22:45:2256][main] DEBUG com.innoinc.dao.postgres181.ir.IrUserMapper181.selectAll - ==> Parameters: 
[2021-06-30 15:22:45:2275][main] DEBUG com.innoinc.dao.postgres181.ir.IrUserMapper181.selectAll - <==      Total: 2
[2021-06-30 15:24:27:750][main] DEBUG com.innoinc.DemoApplication - Running with Spring Boot v2.2.4.RELEASE, Spring v5.2.3.RELEASE
[2021-06-30 15:24:29:2316][main] DEBUG com.innoinc.dao.postgres181.ir.IrUserMapper181.selectAll - ==>  Preparing: SELECT * FROM ir_user 
[2021-06-30 15:24:29:2336][main] DEBUG com.innoinc.dao.postgres181.ir.IrUserMapper181.selectAll - ==> Parameters: 
[2021-06-30 15:24:29:2367][main] DEBUG com.innoinc.dao.postgres181.ir.IrUserMapper181.selectAll - <==      Total: 2
[2021-06-30 15:26:17:718][main] DEBUG com.innoinc.DemoApplication - Running with Spring Boot v2.2.4.RELEASE, Spring v5.2.3.RELEASE
[2021-06-30 15:27:14:741][main] DEBUG com.innoinc.DemoApplication - Running with Spring Boot v2.2.4.RELEASE, Spring v5.2.3.RELEASE
[2021-06-30 15:28:15:751][main] DEBUG com.innoinc.DemoApplication - Running with Spring Boot v2.2.4.RELEASE, Spring v5.2.3.RELEASE
[2021-06-30 15:28:17:2258][main] DEBUG com.innoinc.dao.postgres181.ir.IrUserMapper181.selectAll - ==>  Preparing: SELECT * FROM ir_user 
[2021-06-30 15:28:17:2274][main] DEBUG com.innoinc.dao.postgres181.ir.IrUserMapper181.selectAll - ==> Parameters: 
[2021-06-30 15:28:17:2296][main] DEBUG com.innoinc.dao.postgres181.ir.IrUserMapper181.selectAll - <==      Total: 2
[2021-06-30 15:29:09:711][main] DEBUG com.innoinc.DemoApplication - Running with Spring Boot v2.2.4.RELEASE, Spring v5.2.3.RELEASE
[2021-06-30 15:30:31:748][main] DEBUG com.innoinc.DemoApplication - Running with Spring Boot v2.2.4.RELEASE, Spring v5.2.3.RELEASE
[2021-06-30 15:30:32:2230][main] DEBUG com.innoinc.dao.postgres181.ir.IrUserMapper181.selectAll - ==>  Preparing: SELECT * FROM ir_user 
[2021-06-30 15:30:32:2242][main] DEBUG com.innoinc.dao.postgres181.ir.IrUserMapper181.selectAll - ==> Parameters: 
[2021-06-30 15:30:32:2260][main] DEBUG com.innoinc.dao.postgres181.ir.IrUserMapper181.selectAll - <==      Total: 2
[2021-06-30 15:33:49:825][main] DEBUG com.innoinc.DemoApplication - Running with Spring Boot v2.2.4.RELEASE, Spring v5.2.3.RELEASE
[2021-06-30 15:33:51:2328][main] DEBUG com.innoinc.dao.postgres181.ir.IrUserMapper181.selectAll - ==>  Preparing: SELECT * FROM ir_user 
[2021-06-30 15:33:51:2341][main] DEBUG com.innoinc.dao.postgres181.ir.IrUserMapper181.selectAll - ==> Parameters: 
[2021-06-30 15:33:51:2361][main] DEBUG com.innoinc.dao.postgres181.ir.IrUserMapper181.selectAll - <==      Total: 2
[2021-06-30 15:34:43:749][main] DEBUG com.innoinc.DemoApplication - Running with Spring Boot v2.2.4.RELEASE, Spring v5.2.3.RELEASE
[2021-06-30 15:34:45:2196][main] DEBUG com.innoinc.dao.postgres181.ir.IrUserMapper181.selectAll - ==>  Preparing: SELECT * FROM ir_user 
[2021-06-30 15:34:45:2209][main] DEBUG com.innoinc.dao.postgres181.ir.IrUserMapper181.selectAll - ==> Parameters: 
[2021-06-30 15:34:45:2229][main] DEBUG com.innoinc.dao.postgres181.ir.IrUserMapper181.selectAll - <==      Total: 2
[2021-06-30 15:35:53:766][main] DEBUG com.innoinc.DemoApplication - Running with Spring Boot v2.2.4.RELEASE, Spring v5.2.3.RELEASE
[2021-06-30 15:35:54:2322][main] DEBUG com.innoinc.dao.postgres181.ir.IrUserMapper181.selectAll - ==>  Preparing: SELECT * FROM ir_user 
[2021-06-30 15:35:54:2339][main] DEBUG com.innoinc.dao.postgres181.ir.IrUserMapper181.selectAll - ==> Parameters: 
[2021-06-30 15:35:54:2361][main] DEBUG com.innoinc.dao.postgres181.ir.IrUserMapper181.selectAll - <==      Total: 2
[2021-06-30 15:36:25:765][main] DEBUG com.innoinc.DemoApplication - Running with Spring Boot v2.2.4.RELEASE, Spring v5.2.3.RELEASE
[2021-06-30 15:36:27:2232][main] DEBUG com.innoinc.dao.postgres181.ir.IrUserMapper181.selectAll - ==>  Preparing: SELECT * FROM ir_user 
[2021-06-30 15:36:27:2248][main] DEBUG com.innoinc.dao.postgres181.ir.IrUserMapper181.selectAll - ==> Parameters: 
[2021-06-30 15:36:27:2270][main] DEBUG com.innoinc.dao.postgres181.ir.IrUserMapper181.selectAll - <==      Total: 2
[2021-06-30 15:36:27:2356][main] DEBUG com.innoinc.dao.postgres.ir.IrUserMapper.selectAll - ==>  Preparing: SELECT * FROM ir_user 
[2021-06-30 15:36:27:2356][main] DEBUG com.innoinc.dao.postgres.ir.IrUserMapper.selectAll - ==> Parameters: 
[2021-06-30 15:36:27:2364][main] DEBUG com.innoinc.dao.postgres.ir.IrUserMapper.selectAll - <==      Total: 2
